2025-06-26 15:59:24 [INFO] LoggerTest - 📘 This is an INFO log
2025-06-26 15:59:24 [WARN] LoggerTest - ⚠️ This is a WARNING log
2025-06-26 15:59:24 [ERROR] LoggerTest - ❌ This is an ERROR log
2025-06-26 16:04:47 [INFO] LoggerTest -  This is an INFO log
2025-06-26 16:04:47 [WARN] LoggerTest -  This is a WARNING log
2025-06-26 16:04:47 [ERROR] LoggerTest -  This is an ERROR log
2025-06-26 16:05:35 [INFO] LoggerTest -  This is an INFO log
2025-06-26 16:05:35 [WARN] LoggerTest -  This is a WARNING log
2025-06-26 16:05:35 [ERROR] LoggerTest -  This is an ERROR log
2025-06-26 16:13:17 [INFO] LoggerTest -  This is an INFO log
2025-06-26 16:13:17 [WARN] LoggerTest -  This is a WARNING log
2025-06-26 16:13:17 [ERROR] LoggerTest -  This is an ERROR log
2025-06-26 19:57:32 [INFO] LoggerTest -  This is an INFO log
2025-06-26 19:57:32 [WARN] LoggerTest -  This is a WARNING log
2025-06-26 19:57:32 [ERROR] LoggerTest -  This is an ERROR log
2025-06-29 23:32:30 [INFO] org.springframework.test.context.support.AnnotationConfigContextLoaderUtils - Could not detect default configuration classes for test class [com.example.student_registration.StudentRegistrationApplicationTests]: StudentRegistrationApplicationTests does not declare any static, non-private, non-final, nested classes annotated with @Configuration.
2025-06-29 23:32:30 [INFO] org.springframework.boot.test.context.SpringBootTestContextBootstrapper - Found @SpringBootConfiguration com.example.student_registration.StudentRegistrationApplication for test class com.example.student_registration.StudentRegistrationApplicationTests
2025-06-29 23:32:30 [INFO] org.springframework.boot.devtools.restart.RestartApplicationListener - Restart disabled due to context in which it is running
2025-06-29 23:32:30 [INFO] com.example.student_registration.StudentRegistrationApplicationTests - Starting StudentRegistrationApplicationTests using Java 24.0.1 with PID 24052 (started by sagni in C:\Users\sagni\OneDrive\Desktop\Sprint 2\new\-Java-Standard-Smart-Campus-Portal)
2025-06-29 23:32:30 [INFO] com.example.student_registration.StudentRegistrationApplicationTests - No active profile set, falling back to 1 default profile: "default"
2025-06-29 23:32:32 [INFO] com.example.student_registration.StudentRegistrationApplicationTests - Started StudentRegistrationApplicationTests in 1.652 seconds (process running for 2.957)
2025-06-29 23:32:41 [INFO] com.example.student_registration.StudentRegistrationApplication - Starting StudentRegistrationApplication using Java 24.0.1 with PID 25044 (C:\Users\sagni\OneDrive\Desktop\Sprint 2\new\-Java-Standard-Smart-Campus-Portal\target\classes started by sagni in C:\Users\sagni\OneDrive\Desktop\Sprint 2\new\-Java-Standard-Smart-Campus-Portal)
2025-06-29 23:32:41 [INFO] com.example.student_registration.StudentRegistrationApplication - No active profile set, falling back to 1 default profile: "default"
2025-06-29 23:32:41 [INFO] org.springframework.boot.devtools.restart.ChangeableUrls - The Class-Path manifest attribute in C:\Users\sagni\.m2\repository\com\oracle\database\jdbc\ojdbc11\23.7.0.25.01\ojdbc11-23.7.0.25.01.jar referenced one or more files that do not exist: file:/C:/Users/sagni/.m2/repository/com/oracle/database/jdbc/ojdbc11/23.7.0.25.01/oraclepki.jar
2025-06-29 23:32:41 [INFO] org.springframework.boot.devtools.env.DevToolsPropertyDefaultsPostProcessor - Devtools property defaults active! Set 'spring.devtools.add-properties' to 'false' to disable
2025-06-29 23:32:41 [INFO] org.springframework.boot.devtools.env.DevToolsPropertyDefaultsPostProcessor - For additional web related logging consider setting the 'logging.level.web' property to 'DEBUG'
2025-06-29 23:32:42 [INFO] org.springframework.boot.web.embedded.tomcat.TomcatWebServer - Tomcat initialized with port 8080 (http)
2025-06-29 23:32:42 [INFO] org.springframework.boot.web.servlet.context.ServletWebServerApplicationContext - Root WebApplicationContext: initialization completed in 748 ms
2025-06-29 23:32:42 [INFO] org.springframework.boot.devtools.autoconfigure.OptionalLiveReloadServer - LiveReload server is running on port 35729
2025-06-29 23:32:42 [INFO] org.springframework.boot.web.embedded.tomcat.TomcatWebServer - Tomcat started on port 8080 (http) with context path '/'
2025-06-29 23:32:42 [INFO] com.example.student_registration.StudentRegistrationApplication - Started StudentRegistrationApplication in 1.434 seconds (process running for 1.979)
2025-06-29 23:32:49 [INFO] org.springframework.web.servlet.DispatcherServlet - Initializing Servlet 'dispatcherServlet'
2025-06-29 23:32:49 [INFO] org.springframework.web.servlet.DispatcherServlet - Completed initialization in 1 ms
2025-06-29 23:33:48 [INFO] org.springframework.boot.web.embedded.tomcat.GracefulShutdown - Commencing graceful shutdown. Waiting for active requests to complete
2025-06-29 23:33:48 [INFO] org.springframework.boot.web.embedded.tomcat.GracefulShutdown - Graceful shutdown complete
